  [4;36;1mSQL (0.1ms)[0m   [0;1mSET SQL_AUTO_IS_NULL=0[0m
  [4;35;1mSQL (0.4ms)[0m   [0mSHOW TABLES[0m
  [4;36;1mSQL (145.5ms)[0m   [0;1mCREATE TABLE `schema_migrations` (`version` varchar(255) NOT NULL) ENGINE=InnoDB[0m
  [4;35;1mSQL (0.6ms)[0m   [0mSHOW KEYS FROM `schema_migrations`[0m
  [4;36;1mSQL (197.5ms)[0m   [0;1mCREATE UNIQUE INDEX `unique_schema_migrations` ON `schema_migrations` (`version`)[0m
  [4;35;1mSQL (0.4ms)[0m   [0mSHOW TABLES[0m
  [4;36;1mSQL (0.3ms)[0m   [0;1mSELECT version FROM schema_migrations[0m
Migrating to CreateHouse (20100605025413)
  [4;36;1mSQL (0.1ms)[0m   [0;1mSET SQL_AUTO_IS_NULL=0[0m
  [4;35;1mSQL (0.3ms)[0m   [0mSHOW TABLES[0m
  [4;36;1mSQL (0.1ms)[0m   [0;1mSELECT version FROM schema_migrations[0m
Migrating to CreateHouse (20100605025413)
  [4;36;1mSQL (0.1ms)[0m   [0;1mSET SQL_AUTO_IS_NULL=0[0m
  [4;35;1mSQL (0.3ms)[0m   [0mSHOW TABLES[0m
  [4;36;1mSQL (0.2ms)[0m   [0;1mSELECT version FROM schema_migrations[0m
Migrating to CreateHouse (20100605025413)
  [4;35;1mSQL (0.2ms)[0m   [0mSHOW TABLES[0m
  [4;36;1mSQL (43.8ms)[0m   [0;1mCREATE TABLE `houses` (`id` int(11) DEFAULT NULL auto_increment PRIMARY KEY, `user_id` int(11), `address_1` varchar(255), `address_2` varchar(255), `country` varchar(255), `state` varchar(255), `post_code` varchar(255), `suburb` varchar(255), `lat` float, `long` float) ENGINE=InnoDB[0m
  [4;35;1mSQL (0.7ms)[0m   [0mINSERT INTO schema_migrations (version) VALUES ('20100605025413')[0m
Migrating to CreateOrganisations (20100605025424)
  [4;36;1mSQL (0.4ms)[0m   [0;1mSHOW TABLES[0m
  [4;35;1mSQL (186.4ms)[0m   [0mCREATE TABLE `organistations` (`id` int(11) DEFAULT NULL auto_increment PRIMARY KEY, `user_id` int(11), `name` varchar(255), `type_id` int(11)) ENGINE=InnoDB[0m
  [4;36;1mSQL (107.9ms)[0m   [0;1mCREATE TABLE `beds` (`id` int(11) DEFAULT NULL auto_increment PRIMARY KEY, `house_id` int(11)) ENGINE=InnoDB[0m
  [4;35;1mSQL (167.1ms)[0m   [0mCREATE TABLE `organistion_types` (`id` int(11) DEFAULT NULL auto_increment PRIMARY KEY, `name` varchar(255)) ENGINE=InnoDB[0m
  [4;36;1mSQL (100.0ms)[0m   [0;1mCREATE TABLE `beds_organisation_types` (`id` int(11) DEFAULT NULL auto_increment PRIMARY KEY, `organisation_type_id` int(11), `bed_id` int(11)) ENGINE=InnoDB[0m
  [4;35;1mSQL (0.8ms)[0m   [0mINSERT INTO schema_migrations (version) VALUES ('20100605025424')[0m
Migrating to CreateUsers (20100605031320)
  [4;36;1mSQL (0.5ms)[0m   [0;1mSHOW TABLES[0m
  [4;35;1mSQL (100.6ms)[0m   [0mCREATE TABLE `users` (`id` int(11) DEFAULT NULL auto_increment PRIMARY KEY, `login` varchar(40), `name` varchar(100) DEFAULT '', `email` varchar(100), `crypted_password` varchar(40), `salt` varchar(40), `created_at` datetime, `updated_at` datetime, `remember_token` varchar(40), `remember_token_expires_at` datetime, `activation_code` varchar(40), `activated_at` datetime, `state` varchar(255) DEFAULT 'passive', `deleted_at` datetime, `phone_number` varchar(255)) ENGINE=InnoDB[0m
  [4;36;1mSQL (0.6ms)[0m   [0;1mSHOW KEYS FROM `users`[0m
  [4;35;1mSQL (147.8ms)[0m   [0mCREATE UNIQUE INDEX `index_users_on_login` ON `users` (`login`)[0m
  [4;36;1mSQL (0.8ms)[0m   [0;1mINSERT INTO schema_migrations (version) VALUES ('20100605031320')[0m
Migrating to CreateReservation (20100605033911)
  [4;35;1mSQL (78.6ms)[0m   [0mCREATE TABLE `reservation` (`id` int(11) DEFAULT NULL auto_increment PRIMARY KEY, `start_date` datetime, `end_date` datetime, `bed_id` int(11), `organisation_id` int(11)) ENGINE=InnoDB[0m
  [4;36;1mSQL (0.7ms)[0m   [0;1mINSERT INTO schema_migrations (version) VALUES ('20100605033911')[0m
  [4;35;1mSQL (0.5ms)[0m   [0mSHOW TABLES[0m
  [4;36;1mSQL (0.2ms)[0m   [0;1mSELECT version FROM schema_migrations[0m
  [4;35;1mSQL (0.3ms)[0m   [0mSHOW TABLES[0m
  [4;36;1mSQL (1.1ms)[0m   [0;1mSHOW FIELDS FROM `beds`[0m
  [4;35;1mSQL (1.4ms)[0m   [0mdescribe `beds`[0m
  [4;36;1mSQL (0.5ms)[0m   [0;1mSHOW KEYS FROM `beds`[0m
  [4;35;1mSQL (1.0ms)[0m   [0mSHOW FIELDS FROM `beds_organisation_types`[0m
  [4;36;1mSQL (1.6ms)[0m   [0;1mdescribe `beds_organisation_types`[0m
  [4;35;1mSQL (0.3ms)[0m   [0mSHOW KEYS FROM `beds_organisation_types`[0m
  [4;36;1mSQL (1.2ms)[0m   [0;1mSHOW FIELDS FROM `houses`[0m
  [4;35;1mSQL (3.1ms)[0m   [0mdescribe `houses`[0m
  [4;36;1mSQL (1.0ms)[0m   [0;1mSHOW KEYS FROM `houses`[0m
  [4;35;1mSQL (0.9ms)[0m   [0mSHOW FIELDS FROM `organistations`[0m
  [4;36;1mSQL (1.2ms)[0m   [0;1mdescribe `organistations`[0m
  [4;35;1mSQL (0.9ms)[0m   [0mSHOW KEYS FROM `organistations`[0m
  [4;36;1mSQL (0.8ms)[0m   [0;1mSHOW FIELDS FROM `organistion_types`[0m
  [4;35;1mSQL (1.5ms)[0m   [0mdescribe `organistion_types`[0m
  [4;36;1mSQL (0.6ms)[0m   [0;1mSHOW KEYS FROM `organistion_types`[0m
  [4;35;1mSQL (1.0ms)[0m   [0mSHOW FIELDS FROM `reservation`[0m
  [4;36;1mSQL (1.4ms)[0m   [0;1mdescribe `reservation`[0m
  [4;35;1mSQL (0.5ms)[0m   [0mSHOW KEYS FROM `reservation`[0m
  [4;36;1mSQL (1.1ms)[0m   [0;1mSHOW FIELDS FROM `users`[0m
  [4;35;1mSQL (2.3ms)[0m   [0mdescribe `users`[0m
  [4;36;1mSQL (0.4ms)[0m   [0;1mSHOW KEYS FROM `users`[0m
